app/build/intermediates/manifest_merge_blame_file/debug/manifest-merger-blame-debug-report.txt
1<?xml version="1.0" encoding="utf-8"?>
2<manifest xmlns:android="http://schemas.android.com/apk/res/android"
3    package="com.bluetooth"
4    android:versionCode="1"
5    android:versionName="1.0" >
6
7    <uses-sdk
7-->src\main\AndroidManifest.xml:7:5-47
8        android:minSdkVersion="18"
8-->src\main\AndroidManifest.xml:7:5-47
9        android:targetSdkVersion="27" />
9-->src\main\AndroidManifest.xml:7:15-44
10
11    <uses-permission android:name="android.permission.BLUETOOTH" />
11-->src\main\AndroidManifest.xml:9:5-68
11-->src\main\AndroidManifest.xml:9:22-65
12    <uses-permission android:name="android.permission.BLUETOOTH_ADMIN" />
12-->src\main\AndroidManifest.xml:10:5-74
12-->src\main\AndroidManifest.xml:10:22-71
13    <uses-permission android:name="android.permission.MOUNT_UNMOUNT_FILESYSTEMS" />
13-->src\main\AndroidManifest.xml:11:5-84
13-->src\main\AndroidManifest.xml:11:22-81
14    <uses-permission android:name="android.permission.WRITE_EXTERNAL_STORAGE" />
14-->src\main\AndroidManifest.xml:12:5-81
14-->src\main\AndroidManifest.xml:12:22-78
15    <uses-permission android:name="android.permission.ACCESS_FINE_LOCATION" />
15-->src\main\AndroidManifest.xml:13:5-78
15-->src\main\AndroidManifest.xml:13:22-76
16    <uses-permission android:name="android.permission.ACCESS_COARSE_LOCATION" />
16-->src\main\AndroidManifest.xml:14:5-81
16-->src\main\AndroidManifest.xml:14:22-78
17    <uses-permission android:name="android.permission.ACCESS_NETWORK_STATE" />
17-->[com.tencent.qcloud:cosxml:5.4.26] AndroidManifest.xml:11:5-79
17-->[com.tencent.qcloud:cosxml:5.4.26] AndroidManifest.xml:11:22-76
18    <uses-permission android:name="android.permission.INTERNET" />
18-->[com.tencent.qcloud:cosxml:5.4.26] AndroidManifest.xml:12:5-67
18-->[com.tencent.qcloud:cosxml:5.4.26] AndroidManifest.xml:12:22-64
19    <uses-permission android:name="android.permission.READ_EXTERNAL_STORAGE" />
19-->[com.tencent.qcloud:cosxml:5.4.26] AndroidManifest.xml:13:5-80
19-->[com.tencent.qcloud:cosxml:5.4.26] AndroidManifest.xml:13:22-77
20    <uses-permission android:name="android.permission.ACCESS_WIFI_STATE" />
20-->[com.tencent.qcloud:cosxml:5.4.26] AndroidManifest.xml:15:5-76
20-->[com.tencent.qcloud:cosxml:5.4.26] AndroidManifest.xml:15:22-73
21
22    <application
22-->src\main\AndroidManifest.xml:15:5-37:19
23        android:name="android.support.multidex.MultiDexApplication"
24        android:allowBackup="true"
24-->src\main\AndroidManifest.xml:16:9-35
25        android:appComponentFactory="android.support.v4.app.CoreComponentFactory"
25-->[com.android.support:support-compat:28.0.0] AndroidManifest.xml:22:18-91
26        android:debuggable="true"
27        android:icon="@drawable/ic_launcher"
27-->src\main\AndroidManifest.xml:17:9-45
28        android:label="@string/app_name"
28-->src\main\AndroidManifest.xml:18:9-41
29        android:theme="@style/AppTheme" >
29-->src\main\AndroidManifest.xml:19:9-40
30        <activity
30-->src\main\AndroidManifest.xml:21:9-30:20
31            android:name="com.bluetooth.MainActivity"
31-->src\main\AndroidManifest.xml:22:13-41
32            android:label="@string/app_name"
32-->src\main\AndroidManifest.xml:23:13-45
33            android:theme="@style/MyAppTheme" >
33-->src\main\AndroidManifest.xml:24:13-46
34            <intent-filter>
34-->src\main\AndroidManifest.xml:25:13-29:29
35                <action android:name="android.intent.action.MAIN" />
35-->src\main\AndroidManifest.xml:26:17-69
35-->src\main\AndroidManifest.xml:26:25-66
36
37                <category android:name="android.intent.category.LAUNCHER" />
37-->src\main\AndroidManifest.xml:28:17-77
37-->src\main\AndroidManifest.xml:28:27-74
38            </intent-filter>
39        </activity>
40        <activity
40-->src\main\AndroidManifest.xml:31:9-33:63
41            android:name="com.bluetooth.service.Client"
41-->src\main\AndroidManifest.xml:32:13-43
42            android:theme="@android:style/Theme.NoTitleBar" />
42-->src\main\AndroidManifest.xml:33:13-60
43        <activity
43-->src\main\AndroidManifest.xml:34:9-36:71
44            android:name="com.bluetooth.common.base.BaseActivity"
44-->src\main\AndroidManifest.xml:35:13-53
45            android:theme="@style/Theme.AppCompat.Light.NoActionBar" />
45-->src\main\AndroidManifest.xml:36:13-69
46        <activity android:name="com.tencent.qcloud.logutils.LogActivity" />
46-->[com.tencent.qcloud:logUtils:5.4.22] AndroidManifest.xml:15:9-76
46-->[com.tencent.qcloud:logUtils:5.4.22] AndroidManifest.xml:15:19-73
47    </application>
48
49</manifest>